Version 3.0
- Changed project structure. The repo is no a Android Studio project instead of Eclipse

...

Version 1.99
- Fixed crash, when Toast are shown in the wrong thread. (Thanks Clemi for the info)

Version 1.98
- Unpause won't trigger the cow flap
- Instant notification for achievements when logged in or Toasts when not logged in.

Version 1.97
- Scaled text for points and coins down to fit on more devices
- Renamed japanese resource folder
- Fixed crash on coin collection when not signed in.

Version 1.96
- Changed the 5 minute achievement to 50 coins achievement and implemented it.

Version 1.95
- Started to implement leaderboard and achievements via Google Play Services
(Needs a little more testing and the time achievement is missing)

Version 1.9
- Added coins that can be used to revive the player suggested by Govind Narayan (check out ThemeBowlApp)

Version 1.84
- Buttondesign changes by repat
- Minor codechanges

Versopm 1.83
- Changed name

Version 1.82
- Added a gameover animation suggested by Govind Narayan (check out ThemeBowlApp)

Version 1.81
- Some Designchanges by contributor repat
- Added german file for externalized strings

Version 1.8
- The GameOverScreen is now a dialog instead of an activity (Stupid UI Thread changes)
- Added Toast, NyanCat, NyanCat music

Version 1.7
- To Exit the game you need to double press the back button
- When you resume the game (after homebutton) the game will be on pause

Version 1.6
- Instruction at the beginning of a game

Version 1.5
- The woddenlog and the spider web are now just one image
- Added pausebutton
- The background is drawn in a way I think is better
- Images on Startscreen and GameOverScreen will now be scaled with screen resolution
- More points => faster game